Pairwise distances between 79656 items
Bucket: 4096/2048
[4101/6344954925] 2048 buckets left at < 4096 entries
[106825/6344954925] 2047 buckets left at < 4096 entries
[143340/6344954925] 2046 buckets left at < 4096 entries
[180034/6344954925] 2045 buckets left at < 4096 entries
[447872/6344954925] 2044 buckets left at < 4096 entries
[584508/6344954925] 2043 buckets left at < 4096 entries
[652195/6344954925] 2042 buckets left at < 4096 entries
[731437/6344954925] 2041 buckets left at < 4096 entries
[785344/6344954925] 2040 buckets left at < 4096 entries
[786580/6344954925] 2039 buckets left at < 4096 entries
[893681/6344954925] 2038 buckets left at < 4096 entries
[894803/6344954925] 2037 buckets left at < 4096 entries
[1181231/6344954925] 2036 buckets left at < 4096 entries
[1236451/6344954925] 2035 buckets left at < 4096 entries
[1237282/6344954925] 2034 buckets left at < 4096 entries
[1633066/6344954925] 2033 buckets left at < 4096 entries
[1678886/6344954925] 2032 buckets left at < 4096 entries
[1684537/6344954925] 2031 buckets left at < 4096 entries
[1825948/6344954925] 2030 buckets left at < 4096 entries
[2809226/6344954925] 2029 buckets left at < 4096 entries
[2860640/6344954925] 2028 buckets left at < 4096 entries
[3445207/6344954925] 2027 buckets left at < 4096 entries
[3446266/6344954925] 2026 buckets left at < 4096 entries
[4004277/6344954925] 2025 buckets left at < 4096 entries
[4050829/6344954925] 2024 buckets left at < 4096 entries
[4388641/6344954925] 2023 buckets left at < 4096 entries
[4390961/6344954925] 2022 buckets left at < 4096 entries
[4944706/6344954925] 2021 buckets left at < 4096 entries
[4950782/6344954925] 2020 buckets left at < 4096 entries
[4951322/6344954925] 2019 buckets left at < 4096 entries
[5179942/6344954925] 2018 buckets left at < 4096 entries
[5287414/6344954925] 2017 buckets left at < 4096 entries
[5562847/6344954925] 2016 buckets left at < 4096 entries
[5620449/6344954925] 2015 buckets left at < 4096 entries
[5628296/6344954925] 2014 buckets left at < 4096 entries
[5628528/6344954925] 2013 buckets left at < 4096 entries
[5886731/6344954925] 2012 buckets left at < 4096 entries
[5928595/6344954925] 2011 buckets left at < 4096 entries
[6071328/6344954925] 2010 buckets left at < 4096 entries
[6296496/6344954925] 2009 buckets left at < 4096 entries
[6304050/6344954925] 2008 buckets left at < 4096 entries
[6411630/6344954925] 2007 buckets left at < 4096 entries
[7315130/6344954925] 2006 buckets left at < 4096 entries
[7318220/6344954925] 2005 buckets left at < 4096 entries
[7656091/6344954925] 2004 buckets left at < 4096 entries
[8555893/6344954925] 2003 buckets left at < 4096 entries
[12263678/6344954925] 2002 buckets left at < 4096 entries
[13055537/6344954925] 2001 buckets left at < 4096 entries
[13955829/6344954925] 2000 buckets left at < 4096 entries
[29182332/6344954925] 1999 buckets left at < 4096 entries
[29650929/6344954925] 1998 buckets left at < 4096 entries
[29876268/6344954925] 1997 buckets left at < 4096 entries
[29900642/6344954925] 1996 buckets left at < 4096 entries
[30705349/6344954925] 1995 buckets left at < 4096 entries
[30708887/6344954925] 1994 buckets left at < 4096 entries
[30713111/6344954925] 1993 buckets left at < 4096 entries
[36644614/6344954925] 1992 buckets left at < 4096 entries
[38153424/6344954925] 1991 buckets left at < 4096 entries
[38161178/6344954925] 1990 buckets left at < 4096 entries
[38236668/6344954925] 1989 buckets left at < 4096 entries
[38237832/6344954925] 1988 buckets left at < 4096 entries
[38241222/6344954925] 1987 buckets left at < 4096 entries
[38242339/6344954925] 1986 buckets left at < 4096 entries
[47217837/6344954925] 1985 buckets left at < 4096 entries
[47223169/6344954925] 1984 buckets left at < 4096 entries
[47223937/6344954925] 1983 buckets left at < 4096 entries
[47264950/6344954925] 1982 buckets left at < 4096 entries
[47333040/6344954925] 1981 buckets left at < 4096 entries
[48167998/6344954925] 1980 buckets left at < 4096 entries
[48226658/6344954925] 1979 buckets left at < 4096 entries
[48746092/6344954925] 1978 buckets left at < 4096 entries
[49602757/6344954925] 1977 buckets left at < 4096 entries
[49602971/6344954925] 1976 buckets left at < 4096 entries
[49605682/6344954925] 1975 buckets left at < 4096 entries
[49652346/6344954925] 1974 buckets left at < 4096 entries
[54059049/6344954925] 1973 buckets left at < 4096 entries
[54064235/6344954925] 1972 buckets left at < 4096 entries
[54064401/6344954925] 1971 buckets left at < 4096 entries
[54064994/6344954925] 1970 buckets left at < 4096 entries
[54067277/6344954925] 1969 buckets left at < 4096 entries
[55407487/6344954925] 1968 buckets left at < 4096 entries
[55412346/6344954925] 1967 buckets left at < 4096 entries
[55413119/6344954925] 1966 buckets left at < 4096 entries
[56509913/6344954925] 1965 buckets left at < 4096 entries
[56531135/6344954925] 1964 buckets left at < 4096 entries
[58045222/6344954925] 1963 buckets left at < 4096 entries
[59224650/6344954925] 1962 buckets left at < 4096 entries
[61622343/6344954925] 1961 buckets left at < 4096 entries
[61692498/6344954925] 1960 buckets left at < 4096 entries
[62358245/6344954925] 1959 buckets left at < 4096 entries
[62917259/6344954925] 1958 buckets left at < 4096 entries
[62925226/6344954925] 1957 buckets left at < 4096 entries
[62925391/6344954925] 1956 buckets left at < 4096 entries
[69141077/6344954925] 1955 buckets left at < 4096 entries
[69195250/6344954925] 1954 buckets left at < 4096 entries
[70198846/6344954925] 1953 buckets left at < 4096 entries
[70207399/6344954925] 1952 buckets left at < 4096 entries
[71661193/6344954925] 1951 buckets left at < 4096 entries
[74865422/6344954925] 1950 buckets left at < 4096 entries
[74912888/6344954925] 1949 buckets left at < 4096 entries
[76092633/6344954925] 1948 buckets left at < 4096 entries
[76138287/6344954925] 1947 buckets left at < 4096 entries
[76138664/6344954925] 1946 buckets left at < 4096 entries
[95309395/6344954925] 1945 buckets left at < 4096 entries
[108565393/6344954925] 1944 buckets left at < 4096 entries
[108565764/6344954925] 1943 buckets left at < 4096 entries
[108567183/6344954925] 1942 buckets left at < 4096 entries
[108569894/6344954925] 1941 buckets left at < 4096 entries
[108571184/6344954925] 1940 buckets left at < 4096 entries
[108572101/6344954925] 1939 buckets left at < 4096 entries
[109356114/6344954925] 1938 buckets left at < 4096 entries
[110132931/6344954925] 1937 buckets left at < 4096 entries
[110135235/6344954925] 1936 buckets left at < 4096 entries
[111193272/6344954925] 1935 buckets left at < 4096 entries
[111247040/6344954925] 1934 buckets left at < 4096 entries
[111915495/6344954925] 1933 buckets left at < 4096 entries
[112957753/6344954925] 1932 buckets left at < 4096 entries
[113038263/6344954925] 1931 buckets left at < 4096 entries
[113967456/6344954925] 1930 buckets left at < 4096 entries
[114045174/6344954925] 1929 buckets left at < 4096 entries
[114906060/6344954925] 1928 buckets left at < 4096 entries
[115521676/6344954925] 1927 buckets left at < 4096 entries
[159731926/6344954925] 1926 buckets left at < 4096 entries
[160541268/6344954925] 1925 buckets left at < 4096 entries
[160618301/6344954925] 1924 buckets left at < 4096 entries
[160619196/6344954925] 1923 buckets left at < 4096 entries
[161390208/6344954925] 1922 buckets left at < 4096 entries
[163760815/6344954925] 1921 buckets left at < 4096 entries
[163843996/6344954925] 1920 buckets left at < 4096 entries
[165957274/6344954925] 1919 buckets left at < 4096 entries
[167979211/6344954925] 1918 buckets left at < 4096 entries
[167982563/6344954925] 1917 buckets left at < 4096 entries
[168041105/6344954925] 1916 buckets left at < 4096 entries
[169839873/6344954925] 1915 buckets left at < 4096 entries
[169840435/6344954925] 1914 buckets left at < 4096 entries
[169841724/6344954925] 1913 buckets left at < 4096 entries
[169843036/6344954925] 1912 buckets left at < 4096 entries
[169845700/6344954925] 1911 buckets left at < 4096 entries
[169847065/6344954925] 1910 buckets left at < 4096 entries
[169847811/6344954925] 1909 buckets left at < 4096 entries
[170507062/6344954925] 1908 buckets left at < 4096 entries
[170510026/6344954925] 1907 buckets left at < 4096 entries
[170512790/6344954925] 1906 buckets left at < 4096 entries
[170952594/6344954925] 1905 buckets left at < 4096 entries
[170952924/6344954925] 1904 buckets left at < 4096 entries
[170958708/6344954925] 1903 buckets left at < 4096 entries
[170959968/6344954925] 1902 buckets left at < 4096 entries
[171617719/6344954925] 1901 buckets left at < 4096 entries
[171617777/6344954925] 1900 buckets left at < 4096 entries
[171618258/6344954925] 1899 buckets left at < 4096 entries
[171618952/6344954925] 1898 buckets left at < 4096 entries
[171621386/6344954925] 1897 buckets left at < 4096 entries
[171625757/6344954925] 1896 buckets left at < 4096 entries
[171626188/6344954925] 1895 buckets left at < 4096 entries
[193689837/6344954925] 1894 buckets left at < 4096 entries
[198930879/6344954925] 1893 buckets left at < 4096 entries
[263058186/6344954925] 1892 buckets left at < 4096 entries
[263059106/6344954925] 1891 buckets left at < 4096 entries
[263059344/6344954925] 1890 buckets left at < 4096 entries
[263059522/6344954925] 1889 buckets left at < 4096 entries
[263066181/6344954925] 1888 buckets left at < 4096 entries
[662373521/6344954925] 1887 buckets left at < 4096 entries
[665247295/6344954925] 1886 buckets left at < 4096 entries
[665248308/6344954925] 1885 buckets left at < 4096 entries
[665249586/6344954925] 1884 buckets left at < 4096 entries
[665250202/6344954925] 1883 buckets left at < 4096 entries
[665250408/6344954925] 1882 buckets left at < 4096 entries
[665252484/6344954925] 1881 buckets left at < 4096 entries
[666308330/6344954925] 1880 buckets left at < 4096 entries
[666309651/6344954925] 1879 buckets left at < 4096 entries
[666314342/6344954925] 1878 buckets left at < 4096 entries
[666317797/6344954925] 1877 buckets left at < 4096 entries
[669612310/6344954925] 1876 buckets left at < 4096 entries
[669613723/6344954925] 1875 buckets left at < 4096 entries
[669616805/6344954925] 1874 buckets left at < 4096 entries
[669617266/6344954925] 1873 buckets left at < 4096 entries
[670465637/6344954925] 1872 buckets left at < 4096 entries
[670467415/6344954925] 1871 buckets left at < 4096 entries
[670473005/6344954925] 1870 buckets left at < 4096 entries
[671211877/6344954925] 1869 buckets left at < 4096 entries
[671214439/6344954925] 1868 buckets left at < 4096 entries
[671214487/6344954925] 1867 buckets left at < 4096 entries
[671216490/6344954925] 1866 buckets left at < 4096 entries
[671962518/6344954925] 1865 buckets left at < 4096 entries
[671964172/6344954925] 1864 buckets left at < 4096 entries
[672388328/6344954925] 1863 buckets left at < 4096 entries
[673069238/6344954925] 1862 buckets left at < 4096 entries
[673134129/6344954925] 1861 buckets left at < 4096 entries
[674085690/6344954925] 1860 buckets left at < 4096 entries
[674088006/6344954925] 1859 buckets left at < 4096 entries
[674091316/6344954925] 1858 buckets left at < 4096 entries
[674726718/6344954925] 1857 buckets left at < 4096 entries
[678137518/6344954925] 1856 buckets left at < 4096 entries
[678666438/6344954925] 1855 buckets left at < 4096 entries
[678666863/6344954925] 1854 buckets left at < 4096 entries
[678673014/6344954925] 1853 buckets left at < 4096 entries
[679312022/6344954925] 1852 buckets left at < 4096 entries
[680689763/6344954925] 1851 buckets left at < 4096 entries
[680692857/6344954925] 1850 buckets left at < 4096 entries
[680692952/6344954925] 1849 buckets left at < 4096 entries
[681224564/6344954925] 1848 buckets left at < 4096 entries
[1066059747/6344954925] 1847 buckets left at < 4096 entries
[1111108129/6344954925] 1846 buckets left at < 4096 entries
[1301311957/6344954925] 1845 buckets left at < 4096 entries
[1488774028/6344954925] 1844 buckets left at < 4096 entries
[1572261928/6344954925] 1843 buckets left at < 4096 entries
[1655685287/6344954925] 1842 buckets left at < 4096 entries
[1917482219/6344954925] 1841 buckets left at < 4096 entries
[1961131234/6344954925] 1840 buckets left at < 4096 entries
[2079897688/6344954925] 1839 buckets left at < 4096 entries
[2079899893/6344954925] 1838 buckets left at < 4096 entries
[2079903389/6344954925] 1837 buckets left at < 4096 entries
[2079907685/6344954925] 1836 buckets left at < 4096 entries
[2091971484/6344954925] 1835 buckets left at < 4096 entries
[2286167967/6344954925] 1834 buckets left at < 4096 entries
[2290850056/6344954925] 1833 buckets left at < 4096 entries
[2291838437/6344954925] 1832 buckets left at < 4096 entries
[2292921400/6344954925] 1831 buckets left at < 4096 entries
[2292922862/6344954925] 1830 buckets left at < 4096 entries
[2293736720/6344954925] 1829 buckets left at < 4096 entries
[2294005939/6344954925] 1828 buckets left at < 4096 entries
[2295175948/6344954925] 1827 buckets left at < 4096 entries
[2297238612/6344954925] 1826 buckets left at < 4096 entries
[2297247111/6344954925] 1825 buckets left at < 4096 entries
[2298593715/6344954925] 1824 buckets left at < 4096 entries
[2298595817/6344954925] 1823 buckets left at < 4096 entries
[2299757518/6344954925] 1822 buckets left at < 4096 entries
[2299760044/6344954925] 1821 buckets left at < 4096 entries
[2299767558/6344954925] 1820 buckets left at < 4096 entries
[2300926930/6344954925] 1819 buckets left at < 4096 entries
[2300928717/6344954925] 1818 buckets left at < 4096 entries
[2300928806/6344954925] 1817 buckets left at < 4096 entries
[2300928834/6344954925] 1816 buckets left at < 4096 entries
[2300929102/6344954925] 1815 buckets left at < 4096 entries
[2300933377/6344954925] 1814 buckets left at < 4096 entries
[2300936248/6344954925] 1813 buckets left at < 4096 entries
[2300936672/6344954925] 1812 buckets left at < 4096 entries
[2302008029/6344954925] 1811 buckets left at < 4096 entries
[2302009696/6344954925] 1810 buckets left at < 4096 entries
[2302010913/6344954925] 1809 buckets left at < 4096 entries
[2302013153/6344954925] 1808 buckets left at < 4096 entries
[2302013529/6344954925] 1807 buckets left at < 4096 entries
[2302013822/6344954925] 1806 buckets left at < 4096 entries
[2302014692/6344954925] 1805 buckets left at < 4096 entries
[2302014799/6344954925] 1804 buckets left at < 4096 entries
[2304948232/6344954925] 1803 buckets left at < 4096 entries
[2304972930/6344954925] 1802 buckets left at < 4096 entries
[2304973515/6344954925] 1801 buckets left at < 4096 entries
[2304973599/6344954925] 1800 buckets left at < 4096 entries
[2304973780/6344954925] 1799 buckets left at < 4096 entries
[2304975422/6344954925] 1798 buckets left at < 4096 entries
[2304975613/6344954925] 1797 buckets left at < 4096 entries
[2304976031/6344954925] 1796 buckets left at < 4096 entries
[2304977018/6344954925] 1795 buckets left at < 4096 entries
[2304978154/6344954925] 1794 buckets left at < 4096 entries
[2304978507/6344954925] 1793 buckets left at < 4096 entries
[2304980399/6344954925] 1792 buckets left at < 4096 entries
[2305873043/6344954925] 1791 buckets left at < 4096 entries
[2305874342/6344954925] 1790 buckets left at < 4096 entries
[2305874470/6344954925] 1789 buckets left at < 4096 entries
[2305874630/6344954925] 1788 buckets left at < 4096 entries
[2305875528/6344954925] 1787 buckets left at < 4096 entries
[2305876292/6344954925] 1786 buckets left at < 4096 entries
[2305877905/6344954925] 1785 buckets left at < 4096 entries
[2305879302/6344954925] 1784 buckets left at < 4096 entries
[2305879313/6344954925] 1783 buckets left at < 4096 entries
[2305879958/6344954925] 1782 buckets left at < 4096 entries
[2305881435/6344954925] 1781 buckets left at < 4096 entries
[2305881575/6344954925] 1780 buckets left at < 4096 entries
[2306410889/6344954925] 1779 buckets left at < 4096 entries
[2306411296/6344954925] 1778 buckets left at < 4096 entries
[2306414211/6344954925] 1777 buckets left at < 4096 entries
[2306417614/6344954925] 1776 buckets left at < 4096 entries
[2306420515/6344954925] 1775 buckets left at < 4096 entries
[2306771349/6344954925] 1774 buckets left at < 4096 entries
[2306771429/6344954925] 1773 buckets left at < 4096 entries
[2306774370/6344954925] 1772 buckets left at < 4096 entries
[2306775162/6344954925] 1771 buckets left at < 4096 entries
[2306779853/6344954925] 1770 buckets left at < 4096 entries
[2307039902/6344954925] 1769 buckets left at < 4096 entries
[2307042632/6344954925] 1768 buckets left at < 4096 entries
[2307043007/6344954925] 1767 buckets left at < 4096 entries
[2307044650/6344954925] 1766 buckets left at < 4096 entries
[2307045747/6344954925] 1765 buckets left at < 4096 entries
[2307046289/6344954925] 1764 buckets left at < 4096 entries
[2307048500/6344954925] 1763 buckets left at < 4096 entries
[2307400045/6344954925] 1762 buckets left at < 4096 entries
[2307401046/6344954925] 1761 buckets left at < 4096 entries
[2307401708/6344954925] 1760 buckets left at < 4096 entries
[2307402009/6344954925] 1759 buckets left at < 4096 entries
[2307402831/6344954925] 1758 buckets left at < 4096 entries
[2307404339/6344954925] 1757 buckets left at < 4096 entries
[2307404389/6344954925] 1756 buckets left at < 4096 entries
[2307407523/6344954925] 1755 buckets left at < 4096 entries
[2307409661/6344954925] 1754 buckets left at < 4096 entries
[2308213133/6344954925] 1753 buckets left at < 4096 entries
[2308213657/6344954925] 1752 buckets left at < 4096 entries
[2308215625/6344954925] 1751 buckets left at < 4096 entries
[2308217605/6344954925] 1750 buckets left at < 4096 entries
[2309016818/6344954925] 1749 buckets left at < 4096 entries
[2309016935/6344954925] 1748 buckets left at < 4096 entries
[2309019597/6344954925] 1747 buckets left at < 4096 entries
[2309027020/6344954925] 1746 buckets left at < 4096 entries
[2309825707/6344954925] 1745 buckets left at < 4096 entries
[2309828019/6344954925] 1744 buckets left at < 4096 entries
[2309828088/6344954925] 1743 buckets left at < 4096 entries
[2309828900/6344954925] 1742 buckets left at < 4096 entries
[2309829177/6344954925] 1741 buckets left at < 4096 entries
[2309829875/6344954925] 1740 buckets left at < 4096 entries
[2309833027/6344954925] 1739 buckets left at < 4096 entries
[2309834939/6344954925] 1738 buckets left at < 4096 entries
[2310634015/6344954925] 1737 buckets left at < 4096 entries
[2310635396/6344954925] 1736 buckets left at < 4096 entries
[2310635804/6344954925] 1735 buckets left at < 4096 entries
[2310636096/6344954925] 1734 buckets left at < 4096 entries
[2310640117/6344954925] 1733 buckets left at < 4096 entries
[2310642816/6344954925] 1732 buckets left at < 4096 entries
[2310642843/6344954925] 1731 buckets left at < 4096 entries
[2311084088/6344954925] 1730 buckets left at < 4096 entries
[2311084148/6344954925] 1729 buckets left at < 4096 entries
[2311085817/6344954925] 1728 buckets left at < 4096 entries
[2311595915/6344954925] 1727 buckets left at < 4096 entries
[2311625754/6344954925] 1726 buckets left at < 4096 entries
[2311627088/6344954925] 1725 buckets left at < 4096 entries
[2311630002/6344954925] 1724 buckets left at < 4096 entries
[2312525518/6344954925] 1723 buckets left at < 4096 entries
[2313332186/6344954925] 1722 buckets left at < 4096 entries
[2314140274/6344954925] 1721 buckets left at < 4096 entries
[2314141213/6344954925] 1720 buckets left at < 4096 entries
[2314143867/6344954925] 1719 buckets left at < 4096 entries
[2314144007/6344954925] 1718 buckets left at < 4096 entries
[2315179093/6344954925] 1717 buckets left at < 4096 entries
[2315221729/6344954925] 1716 buckets left at < 4096 entries
[2317010704/6344954925] 1715 buckets left at < 4096 entries
[2317014232/6344954925] 1714 buckets left at < 4096 entries
[2317015273/6344954925] 1713 buckets left at < 4096 entries
[2317016894/6344954925] 1712 buckets left at < 4096 entries
[2319792336/6344954925] 1711 buckets left at < 4096 entries
[2319793402/6344954925] 1710 buckets left at < 4096 entries
[2319796328/6344954925] 1709 buckets left at < 4096 entries
[2319799105/6344954925] 1708 buckets left at < 4096 entries
[2320965673/6344954925] 1707 buckets left at < 4096 entries
[2320966787/6344954925] 1706 buckets left at < 4096 entries
[2324367938/6344954925] 1705 buckets left at < 4096 entries
[2324375332/6344954925] 1704 buckets left at < 4096 entries
[2324906200/6344954925] 1703 buckets left at < 4096 entries
[2327691606/6344954925] 1702 buckets left at < 4096 entries
[2328318385/6344954925] 1701 buckets left at < 4096 entries
[2328318860/6344954925] 1700 buckets left at < 4096 entries
[2574730241/6344954925] 1699 buckets left at < 4096 entries
[2637011735/6344954925] 1698 buckets left at < 4096 entries
[2638642345/6344954925] 1697 buckets left at < 4096 entries
[2870291548/6344954925] 1696 buckets left at < 4096 entries
[2870293112/6344954925] 1695 buckets left at < 4096 entries
[2870294465/6344954925] 1694 buckets left at < 4096 entries
[2870295989/6344954925] 1693 buckets left at < 4096 entries
[2982997065/6344954925] 1692 buckets left at < 4096 entries
[3002646163/6344954925] 1691 buckets left at < 4096 entries
[3004271484/6344954925] 1690 buckets left at < 4096 entries
[3004277214/6344954925] 1689 buckets left at < 4096 entries
[3005990601/6344954925] 1688 buckets left at < 4096 entries
[3007216109/6344954925] 1687 buckets left at < 4096 entries
[3007218335/6344954925] 1686 buckets left at < 4096 entries
[3008193564/6344954925] 1685 buckets left at < 4096 entries
[3008194274/6344954925] 1684 buckets left at < 4096 entries
[3008194276/6344954925] 1683 buckets left at < 4096 entries
[3008194720/6344954925] 1682 buckets left at < 4096 entries
[3008194959/6344954925] 1681 buckets left at < 4096 entries
[3008195356/6344954925] 1680 buckets left at < 4096 entries
[3008198389/6344954925] 1679 buckets left at < 4096 entries
[3008200685/6344954925] 1678 buckets left at < 4096 entries
[3008201581/6344954925] 1677 buckets left at < 4096 entries
[3008685883/6344954925] 1676 buckets left at < 4096 entries
[3019376488/6344954925] 1675 buckets left at < 4096 entries
[3019382540/6344954925] 1674 buckets left at < 4096 entries
[3019385644/6344954925] 1673 buckets left at < 4096 entries
[3028839342/6344954925] 1672 buckets left at < 4096 entries
[3029159750/6344954925] 1671 buckets left at < 4096 entries
[3031931355/6344954925] 1670 buckets left at < 4096 entries
[3032339439/6344954925] 1669 buckets left at < 4096 entries
[3033064751/6344954925] 1668 buckets left at < 4096 entries
[3033072606/6344954925] 1667 buckets left at < 4096 entries
[3035102420/6344954925] 1666 buckets left at < 4096 entries
[3056058019/6344954925] 1665 buckets left at < 4096 entries
[3161287186/6344954925] 1664 buckets left at < 4096 entries
[3161290605/6344954925] 1663 buckets left at < 4096 entries
[3171731489/6344954925] 1662 buckets left at < 4096 entries
[3171737707/6344954925] 1661 buckets left at < 4096 entries
[3172128828/6344954925] 1660 buckets left at < 4096 entries
[3172132166/6344954925] 1659 buckets left at < 4096 entries
[3172133175/6344954925] 1658 buckets left at < 4096 entries
[3172134120/6344954925] 1657 buckets left at < 4096 entries
[3172134244/6344954925] 1656 buckets left at < 4096 entries
[3172134562/6344954925] 1655 buckets left at < 4096 entries
[3172135622/6344954925] 1654 buckets left at < 4096 entries
	Command being timed: "./select_buckets ../../../data/newnewref/allpairs.similarity.112650.bin 4096 2048"
	User time (seconds): 58.17
	System time (seconds): 5.72
	Percent of CPU this job got: 99%
	Elapsed (wall clock) time (h:mm:ss or m:ss): 1:03.90
	Average shared text size (kbytes): 0
	Average unshared data size (kbytes): 0
	Average stack size (kbytes): 0
	Average total size (kbytes): 0
	Maximum resident set size (kbytes): 22536
	Average resident set size (kbytes): 0
	Major (requiring I/O) page faults: 0
	Minor (reclaiming a frame) page faults: 14156
	Voluntary context switches: 5
	Involuntary context switches: 81
	Swaps: 0
	File system inputs: 0
	File system outputs: 51696
	Socket messages sent: 0
	Socket messages received: 0
	Signals delivered: 0
	Page size (bytes): 4096
	Exit status: 0
