#Calling Dashing2 version v2.1.6 with command '/scratch4/blangme2/dnb/dashing2-experiments/allpairs/thresholded/dashing2 dashing2 sketch --cache -k 12 -o uniref50.fasta.gz.LSH-assisted.sketches.bin --cmpout uniref50.fasta.gz.LSH-assisted.topk.matrix -p48 -S64 --protein6 --nLSH 1 --topk 32 --sig-ram-limit 21474836480 --parse-by-seq uniref50.fasta.gz'
Parsing amino acid sequences with 6-letter compressed alphabet.
Index building took 159.547s. KNN Generation took 287.338s
List refinement took 78.8155s.
Emitting list took 2548.17s.
#Calling Dashing2 version v2.1.6 with command '/scratch4/blangme2/dnb/dashing2-experiments/allpairs/thresholded/dashing2 dashing2 sketch --cache -k 12 -o uniref50.fasta.gz.exact.sketches.bin --cmpout uniref50.fasta.gz.exact.topk.matrix -p48 -S64 --protein6 --nLSH 1 --topk 32 --sig-ram-limit 21474836480 --parse-by-seq uniref50.fasta.gz'
Parsing amino acid sequences with 6-letter compressed alphabet.
cmd:  dashing2 sketch --cache -k 12 -o uniref50.fasta.gz.LSH-assisted.sketches.bin --cmpout uniref50.fasta.gz.LSH-assisted.topk.matrix -p48 -S64 --protein6 --nLSH 1 --topk 32 --sig-ram-limit 21474836480 --parse-by-seq uniref50.fasta.gz
Took 4800.696561075747s to perform LSH-assisted comparisons.
cmd:  EXACT_KNN=1 dashing2 sketch --cache -k 12 -o uniref50.fasta.gz.exact.sketches.bin --cmpout uniref50.fasta.gz.exact.topk.matrix -p48 -S64 --protein6 --nLSH 1 --topk 32 --sig-ram-limit 21474836480 --parse-by-seq uniref50.fasta.gz
Traceback (most recent call last):
  File "/scratch4/blangme2/dnb/dashing2-experiments/allpairs/thresholded/knnexp.py", line 78, in <module>
  File "/scratch4/blangme2/dnb/dashing2-experiments/allpairs/thresholded/knnexp.py", line 27, in getknn
    check_call(cmd, shell=True)
  File "/home/dbaker49/miniconda3/lib/python3.9/subprocess.py", line 373, in check_call
    raise CalledProcessError(retcode, cmd)
subprocess.CalledProcessError: Command 'EXACT_KNN=1 dashing2 sketch --cache -k 12 -o uniref50.fasta.gz.exact.sketches.bin --cmpout uniref50.fasta.gz.exact.topk.matrix -p48 -S64 --protein6 --nLSH 1 --topk 32 --sig-ram-limit 21474836480 --parse-by-seq uniref50.fasta.gz' died with <Signals.SIGKILL: 9>.
Command exited with non-zero status 1
	Command being timed: "python3 knnexp.py --nLSH 1 -p48 --alphabet PROTEIN6 -k 12 --nneighbors 32 -S64 uniref50.fasta.gz"
	User time (seconds): 1080023.67
	System time (seconds): 107280.11
	Percent of CPU this job got: 1071%
	Elapsed (wall clock) time (h:mm:ss or m:ss): 30:46:17
	Average shared text size (kbytes): 0
	Average unshared data size (kbytes): 0
	Average stack size (kbytes): 0
	Average total size (kbytes): 0
	Maximum resident set size (kbytes): 1560552892
	Average resident set size (kbytes): 0
	Major (requiring I/O) page faults: 57324
	Minor (reclaiming a frame) page faults: 12830010329
	Voluntary context switches: 12314681872
	Involuntary context switches: 7837059
	Swaps: 0
	File system inputs: 1535632
	File system outputs: 97351200
	Socket messages sent: 0
	Socket messages received: 0
	Signals delivered: 0
	Page size (bytes): 4096
	Exit status: 1
