#Calling Dashing2 version v2.1.6 with command '/scratch4/blangme2/dnb/dashing2-experiments/allpairs/thresholded/dashing2 dashing2 sketch --cache -k 12 -o uniref50.fasta.gz.LSH-assisted.PROTEIN6.512.time4406620.296028907.sketches.bin --cmpout uniref50.fasta.gz.LSH-assisted.PROTEIN6.512.time4406620.296028907.topk.matrix -p48 -S512 --protein6 --nLSH 2 --topk 32 --sig-ram-limit 21474836480 --parse-by-seq uniref50.fasta.gz'
Parsing amino acid sequences with 6-letter compressed alphabet.
terminate called after throwing an instance of 'terminate called recursively
terminate called recursively
std::bad_alloc'
cmd:  dashing2 sketch --cache -k 12 -o uniref50.fasta.gz.LSH-assisted.PROTEIN6.512.time4406620.296028907.sketches.bin --cmpout uniref50.fasta.gz.LSH-assisted.PROTEIN6.512.time4406620.296028907.topk.matrix -p48 -S512 --protein6 --nLSH 2 --topk 32 --sig-ram-limit 21474836480 --parse-by-seq uniref50.fasta.gz
Traceback (most recent call last):
  File "/scratch4/blangme2/dnb/dashing2-experiments/allpairs/thresholded/knnexp.py", line 77, in <module>
  File "/scratch4/blangme2/dnb/dashing2-experiments/allpairs/thresholded/knnexp.py", line 27, in getknn
    check_call(cmd, shell=True)
  File "/home/dbaker49/miniconda3/lib/python3.9/subprocess.py", line 373, in check_call
    raise CalledProcessError(retcode, cmd)
subprocess.CalledProcessError: Command 'dashing2 sketch --cache -k 12 -o uniref50.fasta.gz.LSH-assisted.PROTEIN6.512.time4406620.296028907.sketches.bin --cmpout uniref50.fasta.gz.LSH-assisted.PROTEIN6.512.time4406620.296028907.topk.matrix -p48 -S512 --protein6 --nLSH 2 --topk 32 --sig-ram-limit 21474836480 --parse-by-seq uniref50.fasta.gz' died with <Signals.SIGABRT: 6>.
Command exited with non-zero status 1
	Command being timed: "python3 knnexp.py --nLSH 2 -p48 --alphabet PROTEIN6 -k 12 --nneighbors 32 -S512 uniref50.fasta.gz"
	User time (seconds): 38570.26
	System time (seconds): 2145.14
	Percent of CPU this job got: 354%
	Elapsed (wall clock) time (h:mm:ss or m:ss): 3:11:21
	Average shared text size (kbytes): 0
	Average unshared data size (kbytes): 0
	Average stack size (kbytes): 0
	Average total size (kbytes): 0
	Maximum resident set size (kbytes): 1558891072
	Average resident set size (kbytes): 0
	Major (requiring I/O) page faults: 67625
	Minor (reclaiming a frame) page faults: 207807241
	Voluntary context switches: 285768717
	Involuntary context switches: 5025226
	Swaps: 0
	File system inputs: 4281976
	File system outputs: 395159992
	Socket messages sent: 0
	Socket messages received: 0
	Signals delivered: 0
	Page size (bytes): 4096
	Exit status: 1
