##Options: Namespace(executable='dashing2', fnames='sampled_fns.txt', k=[31], nrepeat=3, nthreads=[96], only_cssize=[2500000], only_type='pmh', pmhbbitsigs=False, sketchsize=[1024])
##Results for sampled_fns.txt
#Method	k	NumReg	RegisterSize	NumThreads	SketchTime	DistanceTime
PMH-bin-8-2500000	31	16384	8	96	672.1192234419286	194.82709421217442
PMH-bin-4-2500000	31	16384	4	96	606.4319286495447	78.32776546105742
PMH-bin-2-2500000	31	16384	2	96	664.5229481048882	29.699251491576433
PMH-bin-1-2500000	31	16384	1	96	583.5112460963428	35.13604735583067
PMH-bin-0.5-2500000	31	16384	0.5	96	641.8818561173975	14.064499322324991
PMH-txt-8-2500000	31	16384	8	96	606.3259505778551	184.56434416025877
PMH-txt-4-2500000	31	16384	4	96	651.894066143781	79.90388957038522
PMH-txt-2-2500000	31	16384	2	96	646.6834824681282	38.18046027049422
PMH-txt-1-2500000	31	16384	1	96	621.9994563274086	28.198452297598124
PMH-txt-0.5-2500000	31	16384	0.5	96	649.0907830558717	26.65493220463395
PMH-bin-8-2500000	31	2048	8	96	460.6465507335961	16.46722985804081
PMH-bin-4-2500000	31	2048	4	96	480.82499551028013	17.541267417371273
PMH-bin-2-2500000	31	2048	2	96	478.66554314270616	14.080710411071777
PMH-bin-1-2500000	31	2048	1	96	491.4636540040374	14.356267608702183
PMH-bin-0.5-2500000	31	2048	0.5	96	517.2199907191098	18.973130259662867
PMH-txt-8-2500000	31	2048	8	96	525.4827234558761	20.444964423775673
PMH-txt-4-2500000	31	2048	4	96	450.4250630065799	24.349544893950224
PMH-txt-2-2500000	31	2048	2	96	446.98389406874776	22.461349841207266
PMH-txt-1-2500000	31	2048	1	96	447.39649929106236	25.85735333710909
PMH-txt-0.5-2500000	31	2048	0.5	96	489.4668692946434	23.638607785105705
PMH-bin-8-2500000	31	256	8	96	670.3018984384835	5.465687917545438
PMH-bin-4-2500000	31	256	4	96	612.5017033796757	14.341680215671659
PMH-bin-2-2500000	31	256	2	96	708.9920467361808	14.965417681261897
PMH-bin-1-2500000	31	256	1	96	631.930439254269	13.998732309788465
PMH-bin-0.5-2500000	31	256	0.5	96	612.6682787314057	23.88295224122703
PMH-txt-8-2500000	31	256	8	96	670.1168979518116	12.337330866605043
PMH-txt-4-2500000	31	256	4	96	646.269401723519	18.17411688156426
PMH-txt-2-2500000	31	256	2	96	647.528658028692	21.291162997484207
PMH-txt-1-2500000	31	256	1	96	745.7374878469855	26.014089876785874
PMH-txt-0.5-2500000	31	256	0.5	96	699.9223930705339	22.573876783251762
PMH-txt-4-2500000	31	32768	4	96	729.3360068164766	207.2515700533986
PMH-txt-2-2500000	31	32768	2	96	766.8385884948075	68.95107612758875
PMH-txt-1-2500000	31	32768	1	96	754.6608037240803	42.482203625142574
PMH-txt-0.5-2500000	31	32768	0.5	96	722.7608105577528	32.13218307495117
PMH-bin-8-2500000	31	4096	8	96	619.3002577349544	24.387800488620996
PMH-bin-4-2500000	31	4096	4	96	626.2363797239959	25.58310855925083
PMH-bin-2-2500000	31	4096	2	96	570.7413019575179	12.14717661589384
PMH-bin-1-2500000	31	4096	1	96	645.9451046101749	9.328164465725422
PMH-bin-0.5-2500000	31	4096	0.5	96	651.258472494781	8.363309774547815
PMH-txt-8-2500000	31	4096	8	96	655.4089515134692	30.252779249101877
PMH-txt-4-2500000	31	4096	4	96	538.3216771073639	30.18381481990218
PMH-txt-2-2500000	31	4096	2	96	612.3318743221462	21.633825611323118
PMH-txt-1-2500000	31	4096	1	96	450.8559831865132	19.999838437885046
PMH-txt-0.5-2500000	31	4096	0.5	96	452.30581333115697	20.990843057632446
PMH-bin-8-2500000	31	8192	8	96	808.2859144434333	190.34245546162128
PMH-bin-4-2500000	31	8192	4	96	598.7478075884283	110.48190070688725
PMH-bin-2-2500000	31	8192	2	96	603.8295746780932	37.14379705116153
PMH-bin-1-2500000	31	8192	1	96	642.3119218945503	33.845021672546864
PMH-bin-0.5-2500000	31	8192	0.5	96	606.5226786695421	18.6462527140975
PMH-txt-8-2500000	31	8192	8	96	703.6573836021125	208.3639236986637
PMH-txt-4-2500000	31	8192	4	96	608.6219205521047	119.23955081775784
PMH-bin-8-5000000	31	1024	8	96	495.4152347240597	12.887101283296943
PMH-bin-4-5000000	31	1024	4	96	499.6435266826302	14.064105892553926
PMH-bin-2-5000000	31	1024	2	96	509.4379596672952	15.828113386407495
PMH-bin-1-5000000	31	1024	1	96	508.3645654749125	18.814644606783986
PMH-bin-0.5-5000000	31	1024	0.5	96	494.85767306014895	13.742808787152171
PMH-txt-8-5000000	31	1024	8	96	495.0712007265538	16.4625622946769
PMH-txt-4-5000000	31	1024	4	96	492.81082952581346	20.039877930656075
PMH-txt-2-5000000	31	1024	2	96	492.87068696692586	19.560405608266592
PMH-txt-1-5000000	31	1024	1	96	497.2129884082824	24.954409455880523
PMH-txt-0.5-5000000	31	1024	0.5	96	478.50654308870435	25.417447371408343
PMH-bin-8-5000000	31	16384	8	96	718.2306943498552	419.14098554477096
PMH-bin-4-5000000	31	16384	4	96	750.5897393301129	69.8851140961051
PMH-bin-2-5000000	31	16384	2	96	702.1120148785412	33.926713932305574
PMH-bin-1-5000000	31	16384	1	96	717.2623826749623	27.885743342339993
PMH-bin-0.5-5000000	31	16384	0.5	96	704.0851461477578	21.71145821362734
PMH-txt-8-5000000	31	16384	8	96	717.8734796606004	1429.9314960688353
PMH-txt-4-5000000	31	16384	4	96	890.1379623152316	73.64809393510222
PMH-txt-2-5000000	31	16384	2	96	809.3434025868773	46.91787392646074
PMH-txt-1-5000000	31	16384	1	96	838.8820487819612	44.307682029902935
PMH-txt-0.5-5000000	31	16384	0.5	96	671.6716860681772	34.19561593607068
PMH-bin-8-5000000	31	2048	8	96	612.0337511263788	48.39581752568483
PMH-bin-4-5000000	31	2048	4	96	607.1802215315402	31.97664324566722
PMH-bin-2-5000000	31	2048	2	96	590.1408923119307	19.03673703223467
PMH-bin-1-5000000	31	2048	1	96	608.4773350097239	11.39292212203145
PMH-bin-0.5-5000000	31	2048	0.5	96	589.0990426465869	10.630016189068556
PMH-txt-8-5000000	31	2048	8	96	601.5568150617182	53.353825606405735
PMH-txt-4-5000000	31	2048	4	96	596.362261660397	40.788517855107784
PMH-txt-2-5000000	31	2048	2	96	622.554742962122	25.325355235487223
PMH-txt-1-5000000	31	2048	1	96	608.3063231557608	22.891518834978342
PMH-txt-0.5-5000000	31	2048	0.5	96	628.4509131833911	18.89928535744548
PMH-bin-8-5000000	31	256	8	96	483.5876917503774	165.53240685909986
PMH-bin-4-5000000	31	256	4	96	474.52905796840787	166.761124137789
PMH-bin-2-5000000	31	256	2	96	472.7997788116336	60.66377557069063
PMH-bin-1-5000000	31	256	1	96	479.03410904482007	236.5912472270429
PMH-bin-0.5-5000000	31	256	0.5	96	491.91164312139153	8.66270636022091
PMH-txt-8-5000000	31	256	8	96	497.1719482727349	14.736610013991594
PMH-txt-4-5000000	31	256	4	96	486.20783857628703	14.433277033269405
PMH-txt-2-5000000	31	256	2	96	487.8202367313206	34.36167565360665
PMH-txt-1-5000000	31	256	1	96	491.3674159385264	15.550783392041922
PMH-txt-0.5-5000000	31	256	0.5	96	499.78561291098595	19.320635858923197
PMH-bin-8-5000000	31	32768	8	96	765.6941290087998	644.9660247564316
PMH-bin-4-5000000	31	32768	4	96	782.6195135675371	220.11042556911707
PMH-bin-2-5000000	31	32768	2	96	754.8999813124537	73.73560405522585
PMH-bin-1-5000000	31	32768	1	96	781.5539151057601	34.974470064044
PMH-bin-0.5-5000000	31	32768	0.5	96	774.2179554440081	26.727881349623203
PMH-txt-8-5000000	31	32768	8	96	805.9536374248564	644.4589742869139
PMH-txt-4-5000000	31	32768	4	96	785.8955444730818	209.20160128176212
PMH-txt-2-5000000	31	32768	2	96	816.5599500052631	66.74488302320242
PMH-txt-1-5000000	31	32768	1	96	793.6770039498806	42.227260522544384
PMH-txt-0.5-5000000	31	32768	0.5	96	781.933542933315	33.24458955600858
PMH-txt-2-5000000	31	4096	2	96	511.444065798074	49.55474203452468
PMH-txt-1-5000000	31	4096	1	96	498.99592227116227	19.683181926608086
PMH-txt-0.5-5000000	31	4096	0.5	96	502.77029426023364	16.70538503676653
PMH-bin-8-5000000	31	512	8	96	472.6895208414644	11.358490034937859
PMH-bin-4-5000000	31	512	4	96	473.1046055648476	13.528103448450565
PMH-bin-2-5000000	31	512	2	96	479.54117762856185	13.674595987424254
PMH-bin-1-5000000	31	512	1	96	483.7913547810167	15.77046279236674
PMH-bin-0.5-5000000	31	512	0.5	96	486.8691520001739	14.7845819592475
PMH-txt-8-5000000	31	512	8	96	501.59847389534116	12.3280282095074
PMH-txt-4-5000000	31	512	4	96	492.0137342400849	22.8415348362177
PMH-txt-2-5000000	31	512	2	96	484.15326763130724	22.6564577091485
PMH-txt-1-5000000	31	512	1	96	546.742828540504	25.77983289770782
PMH-txt-0.5-5000000	31	512	0.5	96	506.9756871126592	26.751430608332157
Bindash-8	31	1024	8	96	545.7767201215029	11.399204291403294
Bindash-4	31	1024	4	96	550.7329966388643	10.716006863862276
Bindash-2	31	1024	2	96	545.2879683375359	10.864940110594034
Bindash-1	31	1024	1	96	547.3961872495711	10.886387161910534
Bindash-0.5	31	1024	0.5	96	547.0466071590781	11.189939718693495
Bindash-8	31	16384	8	96	574.8366438895464	88.28840012475848
Bindash-4	31	16384	4	96	574.6923701763153	84.89234581589699
Bindash-2	31	16384	2	96	571.1164375469089	87.05546704679728
Bindash-1	31	16384	1	96	575.2884892299771	90.41841027140617
Bindash-0.5	31	16384	0.5	96	573.0157118886709	90.41561492532492
Bindash-8	31	2048	8	96	553.9116067886353	15.32110721245408
Bindash-4	31	2048	4	96	543.0242023058236	14.568761207163334
Bindash-2	31	2048	2	96	539.0473222546279	15.88518076390028
Bindash-1	31	2048	1	96	557.8748112656176	15.089334357529879
Bindash-0.5	31	2048	0.5	96	549.0366413109004	16.197154734283686
Bindash-8	31	256	8	96	550.1265355683863	6.64515533298254
Bindash-4	31	256	4	96	541.4140499718487	7.090417098253965
Bindash-2	31	256	2	96	537.7799184732139	6.742496874183416
Bindash-1	31	256	1	96	541.8293444365263	6.903601814061403
Bindash-0.5	31	256	0.5	96	539.5569506548345	6.483841586858034
Bindash-8	31	32768	8	96	592.7405361458659	189.52626423491165
Bindash-4	31	32768	4	96	578.3711404241621	184.0902152173221
Bindash-2	31	32768	2	96	582.1336077386513	179.0547510208562
Bindash-1	31	32768	1	96	589.3327417182736	187.43536276882514
Bindash-0.5	31	32768	0.5	96	576.7423183610663	187.93929661391303
Bindash-8	31	4096	8	96	558.5270511135459	25.283059988170862
Bindash-4	31	4096	4	96	548.8070975616574	24.520791567862034
Bindash-2	31	4096	2	96	562.1394468992949	24.588662590831518
Bindash-1	31	4096	1	96	562.0514669567347	25.690782457590103
Bindash-0.5	31	4096	0.5	96	560.8075555823743	25.53769587352872
Bindash-8	31	512	8	96	548.4952956847847	8.318030077964067
Bindash-4	31	512	4	96	551.1477099694312	9.25990242511034
Bindash-2	31	512	2	96	547.635092202574	9.176725573837757
Bindash-1	31	512	1	96	548.1055764071643	8.387114606797695
Bindash-0.5	31	512	0.5	96	551.4767488762736	8.670530330389738
D2FSS-bin-8	31	16384	8	96	380.4639818947762	192.32419414632022
D2FSS-bin-4	31	16384	4	96	394.73303375579417	78.32623013667762
D2FSS-bin-2	31	16384	2	96	424.27960329689085	29.377096259966493
D2FSS-bin-1	31	16384	1	96	408.27835807576776	18.918971821665764
D2FSS-bin-0.5	31	16384	0.5	96	416.29464219138026	26.51668932661414
D2FSS-txt-8	31	16384	8	96	434.01748574897647	186.1730949189514
D2FSS-txt-4	31	16384	4	96	454.2727782689035	79.7348787970841
D2FSS-txt-2	31	16384	2	96	457.799865366891	38.86390266008675
D2FSS-txt-1	31	16384	1	96	465.7610743381083	26.56176553480327
D2FSS-txt-0.5	31	16384	0.5	96	414.3288601189852	27.243390252813697
D2FSS-bin-8	31	2048	8	96	280.0624585803598	16.207936733961105
D2FSS-bin-4	31	2048	4	96	280.7702285852283	17.773875018581748
D2FSS-bin-2	31	2048	2	96	283.22978955693543	12.167040741071105
D2FSS-bin-1	31	2048	1	96	281.7985911257565	11.8341130502522
D2FSS-bin-0.5	31	2048	0.5	96	290.7646980583668	10.716068366542459
D2FSS-txt-8	31	2048	8	96	263.37253580242395	21.683885473757982
D2FSS-txt-4	31	2048	4	96	279.9746420942247	23.177558094263077
D2FSS-txt-2	31	2048	2	96	285.0315596088767	16.507056714966893
D2FSS-txt-1	31	2048	1	96	278.4006941076368	17.74360035173595
D2FSS-txt-0.5	31	2048	0.5	96	303.7731754500419	18.013126684352756
D2FSS-bin-8	31	256	8	96	265.57521395012736	9.291978660970926
D2FSS-bin-4	31	256	4	96	258.4213269688189	9.687249708920717
D2FSS-bin-2	31	256	2	96	280.57052341103554	9.931720465421677
D2FSS-bin-1	31	256	1	96	265.28521033376455	11.724762879312038
D2FSS-bin-0.5	31	256	0.5	96	264.98156863451004	8.962843529880047
D2FSS-txt-8	31	256	8	96	287.57798970863223	11.10752221941948
D2FSS-txt-4	31	256	4	96	256.0250893421471	13.25631557404995
D2FSS-txt-2	31	256	2	96	248.723393432796	13.025091703981161
D2FSS-txt-1	31	256	1	96	272.2795684635639	14.785718500614166
D2FSS-txt-0.5	31	256	0.5	96	280.3353021405637	15.633801639080048
D2FSS-bin-8	31	32768	8	96	488.82411359995604	639.7415606305003
D2FSS-bin-4	31	32768	4	96	499.49000633507967	239.9330507554114
D2FSS-bin-2	31	32768	2	96	519.0319145955145	62.02749378979206
D2FSS-bin-1	31	32768	1	96	531.9691297672689	28.714021004736423
D2FSS-bin-0.5	31	32768	0.5	96	532.8834560625255	21.657783795148134
D2FSS-txt-8	31	32768	8	96	553.3386868275702	659.9249435551465
D2FSS-txt-4	31	32768	4	96	559.4870841093361	239.76528771594167
D2FSS-txt-2	31	32768	2	96	565.2494129873812	61.26813292875886
D2FSS-txt-1	31	32768	1	96	582.0374697782099	37.03058077394962
D2FSS-txt-0.5	31	32768	0.5	96	597.0336545966566	29.7254537679255
D2FSS-bin-8	31	4096	8	96	485.82004542276263	29.11835616454482
D2FSS-bin-4	31	4096	4	96	488.6917003169656	22.89873819053173
D2FSS-bin-2	31	4096	2	96	493.911609582603	14.49226427078247
D2FSS-bin-1	31	4096	1	96	503.41160267591476	11.779035948216915
D2FSS-bin-0.5	31	4096	0.5	96	534.8745851106942	12.413790043443441
D2FSS-txt-8	31	4096	8	96	517.52660247311	50.55431978031993
D2FSS-txt-4	31	4096	4	96	531.10065934062	46.10039624199271
D2FSS-txt-2	31	4096	2	96	545.4240516610444	20.0708508528769
D2FSS-txt-1	31	4096	1	96	554.7281394414604	18.151552461087704
D2FSS-txt-0.5	31	4096	0.5	96	557.1692798808217	19.822609551250935
D2FSS-txt-4	31	8192	4	96	325.00994597375393	45.00085688382387
D2FSS-txt-2	31	8192	2	96	343.52177749574184	27.60588662326336
D2FSS-txt-1	31	8192	1	96	312.8000370115042	22.04720228910446
D2FSS-txt-0.5	31	8192	0.5	96	309.4119017980993	21.296330235898495
D2OP-bin-8	31	1024	8	96	162.8779739663005	15.031339906156063
D2OP-bin-4	31	1024	4	96	159.84154899790883	15.214483063668013
D2OP-bin-2	31	1024	2	96	163.61399795860052	12.049699567258358
D2OP-bin-1	31	1024	1	96	160.6816980689764	11.989902444183826
D2OP-bin-0.5	31	1024	0.5	96	162.02362916618586	11.837742447853088
D2OP-txt-8	31	1024	8	96	161.57988349720836	18.792119581252337
D2OP-txt-4	31	1024	4	96	161.87521717324853	19.615207705646753
D2OP-txt-2	31	1024	2	96	160.67268872633576	17.25492302328348
D2OP-txt-1	31	1024	1	96	159.6241962686181	16.16450733318925
D2OP-txt-0.5	31	1024	0.5	96	161.79345493391156	15.704612117260695
D2OP-bin-8	31	16384	8	96	472.75876938551664	181.4949540682137
D2OP-bin-4	31	16384	4	96	476.18493081629276	79.97854121029377
D2OP-bin-2	31	16384	2	96	479.8118115514517	32.266932383179665
D2OP-bin-1	31	16384	1	96	167.009300917387	21.196099933236837
D2OP-bin-0.5	31	16384	0.5	96	167.56976817175746	17.385760750621557
D2OP-txt-8	31	16384	8	96	165.79838632047176	185.08341285586357
D2OP-txt-4	31	16384	4	96	166.67155419662595	80.68349922820926
D2OP-txt-2	31	16384	2	96	168.94912600144744	44.15486264973879
D2OP-txt-1	31	16384	1	96	489.1489388793707	27.36885116994381
D2OP-txt-0.5	31	16384	0.5	96	501.7480250634253	26.5457761362195
D2OP-bin-8	31	2048	8	96	396.3040983863175	14.599574968218803
D2OP-bin-4	31	2048	4	96	366.0395798571408	22.29634789377451
D2OP-bin-2	31	2048	2	96	336.3373874798417	10.713477224111557
D2OP-bin-1	31	2048	1	96	417.20566072687507	9.80397693067789
D2OP-bin-0.5	31	2048	0.5	96	435.4871100783348	8.370623666793108
D2OP-txt-8	31	2048	8	96	452.5054686181247	20.562132604420185
D2OP-txt-4	31	2048	4	96	453.16240087896585	20.301300145685673
D2OP-txt-2	31	2048	2	96	498.59604701399803	19.375862151384354
D2OP-txt-1	31	2048	1	96	472.41768708080053	17.99309643357992
D2OP-txt-0.5	31	2048	0.5	96	360.11919548362494	25.32132848724723
D2OP-bin-8	31	256	8	96	476.8964868634939	5.835690278559923
D2OP-bin-4	31	256	4	96	478.98289620131254	7.7011122815310955
D2OP-bin-2	31	256	2	96	484.04012079164386	10.899136129766703
D2OP-bin-1	31	256	1	96	513.5919978581369	7.561559218913317
D2OP-bin-0.5	31	256	0.5	96	519.7641856297851	7.758420184254646
D2OP-txt-8	31	256	8	96	340.6329449005425	25.329570654779673
D2OP-txt-4	31	256	4	96	557.391659680754	15.474111892282963
D2OP-txt-2	31	256	2	96	545.1995927095413	15.622719638049603
D2OP-txt-1	31	256	1	96	561.0863948427141	16.931044325232506
D2OP-txt-0.5	31	256	0.5	96	559.8066507130861	15.090231083333492
D2OP-bin-8	31	32768	8	96	185.31356471404433	641.9429709948599
D2OP-bin-4	31	32768	4	96	177.13785577565432	236.15777791664004
D2OP-bin-2	31	32768	2	96	178.157794252038	60.296692188829184
D2OP-bin-1	31	32768	1	96	182.8212992362678	28.885234963148832
D2OP-bin-0.5	31	32768	0.5	96	194.47890313714743	21.90709649026394
D2OP-txt-8	31	32768	8	96	203.65470280125737	634.642835535109
D2OP-txt-4	31	32768	4	96	226.3670263439417	241.23087150231004
D2OP-txt-2	31	32768	2	96	240.32535560429096	59.460012428462505
D2OP-txt-1	31	32768	1	96	245.89409882947803	43.54617812857032
D2OP-txt-0.5	31	32768	0.5	96	212.44264486432076	33.05268155783415
D2OP-bin-8	31	4096	8	96	331.29254388064146	23.765388049185276
D2OP-bin-4	31	4096	4	96	342.948638420552	23.321939527988434
D2OP-bin-2	31	4096	2	96	342.9790762811899	11.393926501274109
D2OP-bin-1	31	4096	1	96	361.3163405843079	10.959971968084574
D2OP-bin-0.5	31	4096	0.5	96	167.603301551193	11.6215465888381
D2OP-txt-8	31	4096	8	96	166.11171359568834	31.157265171408653
D2OP-txt-4	31	4096	4	96	163.5730034969747	32.21582458168268
D2OP-txt-2	31	4096	2	96	166.11366648226976	22.74795253574848
D2OP-txt-1	31	4096	1	96	164.45175762474537	25.190841522067785
D2OP-txt-0.5	31	4096	0.5	96	169.39965273812413	20.412003304809332
D2OP-bin-8	31	512	8	96	164.49648062698543	15.325349109247327
D2OP-bin-4	31	512	4	96	158.43129779025912	12.916467996314168
D2OP-bin-2	31	512	2	96	157.9889522716403	11.350614471361041
D2OP-bin-1	31	512	1	96	157.9008532166481	11.75986454822123
D2OP-bin-0.5	31	512	0.5	96	160.98237668722868	13.444093180820346
D2OP-txt-8	31	512	8	96	161.10388454794884	18.25427664257586
D2OP-txt-4	31	512	4	96	160.57222048006952	16.432470800355077
D2OP-txt-2	31	512	2	96	159.1636333912611	16.871963327750564
D2OP-txt-1	31	512	1	96	161.27506756410003	15.815721033141017
D2OP-txt-0.5	31	512	0.5	96	159.64174817316234	15.219063179567456
D2OP-bin-8	31	8192	8	96	166.28843814320862	58.42087040282786
D2OP-bin-4	31	8192	4	96	164.91404529847205	37.438970267772675
D2OP-bin-2	31	8192	2	96	166.66211490519345	21.078784277662635
D2OP-bin-1	31	8192	1	96	167.41231986880302	14.737599339336157
D2OP-bin-0.5	31	8192	0.5	96	165.00689765624702	9.70157365873456
D2OP-txt-8	31	8192	8	96	251.9712877161801	58.01715705357492
D2OP-txt-4	31	8192	4	96	339.30181556381285	42.45446497760713
D2OP-txt-2	31	8192	2	96	350.0890376586467	28.189583295956254
D2OP-txt-1	31	8192	1	96	361.36612848751247	21.830021245405078
D2OP-txt-0.5	31	8192	0.5	96	371.3231370076537	20.03724387846887
Mash	31	1024	8	96	544.7550128884614	160.97330604866147
Mash	31	16384	8	96	586.1756636202335	1336.7234764657915
Mash	31	2048	8	96	549.657485364005	222.52241526544094
Mash	31	256	8	96	543.0015425756574	112.219262201339
Mash	31	32768	8	96	592.5165337268263	2648.6634888090193
Mash	31	512	8	96	555.4167551267892	131.70317266322672
Mash	31	8192	8	96	561.6646556220949	653.8638160713017
PMH-bin-8-500000	31	1024	8	96	432.38019005581737	8.9614081867039
PMH-bin-4-500000	31	1024	4	96	436.33577984571457	10.85170096158981
PMH-bin-2-500000	31	1024	2	96	479.34912874922156	7.9306155592203
PMH-bin-1-500000	31	1024	1	96	455.3721515275538	11.29812401160597
PMH-bin-0.5-500000	31	1024	0.5	96	444.83353770151734	7.38871480897069
PMH-txt-8-500000	31	1024	8	96	435.385416444391	13.489093732088804
PMH-txt-4-500000	31	1024	4	96	485.3578944094479	16.085352037101984
PMH-txt-2-500000	31	1024	2	96	471.49102023616433	13.908746894448996
PMH-txt-1-500000	31	1024	1	96	424.7154712341726	22.391016338020563
PMH-txt-0.5-500000	31	1024	0.5	96	544.0563144236803	14.902870632708073
PMH-bin-8-500000	31	16384	8	96	490.85327327623963	2477.704209174961
PMH-bin-4-500000	31	16384	4	96	449.0904247201979	258.32944671437144
PMH-bin-2-500000	31	16384	2	96	476.07006695494056	100.09326230362058
PMH-bin-1-500000	31	16384	1	96	444.0703706257045	64.31647700071335
PMH-bin-0.5-500000	31	16384	0.5	96	462.2577318623662	39.73648601770401
PMH-txt-8-500000	31	16384	8	96	471.8344959653914	2477.5309276282787
PMH-txt-4-500000	31	16384	4	96	475.724861048162	400.16948387026787
PMH-txt-2-500000	31	16384	2	96	446.90326483920217	123.73530774191022
PMH-txt-1-500000	31	16384	1	96	429.012013271451	72.57630526646972
PMH-txt-0.5-500000	31	16384	0.5	96	464.67022854834795	50.37981295213103
PMH-bin-8-500000	31	2048	8	96	411.03728383779526	14.312624264508486
PMH-bin-4-500000	31	2048	4	96	441.4753339923918	13.457656916230917
PMH-bin-2-500000	31	2048	2	96	413.78785207122564	13.488932523876429
PMH-bin-1-500000	31	2048	1	96	522.3578134924173	10.90730718895793
PMH-bin-0.5-500000	31	2048	0.5	96	436.6959917843342	8.192782886326313
PMH-txt-8-500000	31	2048	8	96	339.74473014846444	32.391326896846294
PMH-txt-4-500000	31	2048	4	96	506.8674556687474	20.722050208598375
PMH-txt-2-500000	31	2048	2	96	418.8408193476498	16.38442862778902
PMH-txt-1-500000	31	2048	1	96	411.53182704746723	16.983197666704655
PMH-txt-0.5-500000	31	2048	0.5	96	449.24701203778386	15.264091551303864
PMH-bin-8-500000	31	256	8	96	373.2944376952946	20.96027147397399
PMH-bin-4-500000	31	256	4	96	380.98955658078194	22.57389473170042
PMH-bin-2-500000	31	256	2	96	378.0565035715699	21.63020744174719
PMH-bin-1-500000	31	256	1	96	390.2763231769204	18.79892449826002
PMH-bin-0.5-500000	31	256	0.5	96	390.40519573912024	13.263274930417538
PMH-txt-8-500000	31	256	8	96	409.27102724835277	10.500541381537914
PMH-txt-4-500000	31	256	4	96	395.37427785247564	18.081572573632002
PMH-txt-2-500000	31	256	2	96	408.498363237828	18.5510208979249
PMH-txt-1-500000	31	256	1	96	418.1661209128797	24.180302049964666
PMH-txt-0.5-500000	31	256	0.5	96	347.2875247746706	36.77046821266413
PMH-bin-8-500000	31	32768	8	96	549.0839960426092	660.6124387271702
PMH-bin-4-500000	31	32768	4	96	526.8928821198642	202.13170955702662
PMH-bin-2-500000	31	32768	2	96	556.9705456458032	64.61747648194432
PMH-bin-1-500000	31	32768	1	96	570.1936289407313	34.403103191405535
PMH-bin-0.5-500000	31	32768	0.5	96	567.746041983366	23.429321732372046
PMH-txt-8-500000	31	32768	8	96	520.0125268474221	649.371081251651
PMH-txt-4-500000	31	32768	4	96	538.6383831016719	219.02300760895014
PMH-txt-2-500000	31	32768	2	96	429.06344993785024	66.33616436645389
PMH-txt-1-500000	31	32768	1	96	431.0658860914409	45.46800795197487
PMH-txt-0.5-500000	31	32768	0.5	96	544.3804642483592	33.039489679038525
PMH-bin-8-500000	31	4096	8	96	346.2608154565096	25.594243243336678
PMH-bin-4-500000	31	4096	4	96	361.6499807648361	29.30480558052659
PMH-bin-2-500000	31	4096	2	96	349.5404510498047	15.888994682580233
PMH-bin-1-500000	31	4096	1	96	378.6416670642793	14.401167307049036
PMH-bin-0.5-500000	31	4096	0.5	96	359.3438840098679	13.39200647175312
PMH-txt-8-500000	31	4096	8	96	384.8146090954542	36.698417976498604
PMH-txt-4-500000	31	4096	4	96	371.6275594159961	33.991251550614834
PMH-txt-2-500000	31	4096	2	96	389.9741832315922	38.03855784237385
PMH-txt-1-500000	31	4096	1	96	348.001971565187	36.72528416663408
PMH-txt-0.5-500000	31	4096	0.5	96	354.5772527642548	22.576503805816174
PMH-bin-8-500000	31	512	8	96	305.45041443035007	6.13043312355876
PMH-bin-4-500000	31	512	4	96	305.8120074160397	8.996354293078184
PMH-bin-2-500000	31	512	2	96	310.8923041187227	7.8713992685079575
PMH-bin-1-500000	31	512	1	96	323.8285185210407	8.380902290344238
PMH-bin-0.5-500000	31	512	0.5	96	310.83710312098265	7.79964192956686
PMH-txt-8-500000	31	512	8	96	311.2638412117958	12.11473897844553
PMH-txt-4-500000	31	512	4	96	317.60706332698464	16.684237454086542
PMH-txt-2-500000	31	512	2	96	341.4434100240469	14.346897769719362
PMH-txt-1-500000	31	512	1	96	345.7707312144339	16.652095895260572
PMH-txt-0.5-500000	31	512	0.5	96	338.10922618210316	14.930965304374695
PMH-bin-8-500000	31	8192	8	96	650.0776932761073	202.80599825456738
PMH-bin-4-500000	31	8192	4	96	438.96621073037386	117.16942554339767
PMH-bin-2-500000	31	8192	2	96	413.480126991868	55.37982442229986
PMH-bin-1-500000	31	8192	1	96	449.8167535327375	33.39064735174179
PMH-bin-0.5-500000	31	8192	0.5	96	449.1717447042465	19.705821208655834
PMH-txt-8-500000	31	8192	8	96	481.86009868979454	236.55422526225448
PMH-txt-4-500000	31	8192	4	96	473.8946476727724	118.8652157522738
PMH-txt-2-500000	31	8192	2	96	587.3533008620143	62.81712683662772
PMH-txt-1-500000	31	8192	1	96	447.76524459943175	40.71938152611256
