$ /usr/bin/time -v \
>   "${DASH2}" \
>   sketch --parse-by-seq --topk 256 -S256 -p80 --cmpout uniref50_knn.tsv -k 5 --protein6 uniref50.fasta
#Calling Dashing2 version v2.1.11-10-g128c with command '/home/blangme2/scr16_blangme2/langmead/dashing2/dashing2-64 sketch --parse-by-seq --topk 256 -S256 -p80 --cmpout uniref50_knn.tsv -k 5 --protein6 uniref50.fasta'
Parsing amino acid sequences with 6-letter compressed alphabet.

Densified a total of 7499011475/13728218880 entries
Command terminated by signal 11
        Command being timed: "/home/blangme2/scr16_blangme2/langmead/dashing2/dashing2-64 sketch --parse-by-seq --topk 256 -S256 -p80 --cmpout uniref50_knn.tsv -k 5 --protein6 uniref50.fasta"
        User time (seconds): 16422.24
        System time (seconds): 2993.06
        Percent of CPU this job got: 1899%
        Elapsed (wall clock) time (h:mm:ss or m:ss): 17:02.16
        Average shared text size (kbytes): 0
        Average unshared data size (kbytes): 0
        Average stack size (kbytes): 0
        Average total size (kbytes): 0
        Maximum resident set size (kbytes): 893388212
        Average resident set size (kbytes): 0
        Major (requiring I/O) page faults: 0
        Minor (reclaiming a frame) page faults: 217668666
        Voluntary context switches: 373963884
        Involuntary context switches: 789712
        Swaps: 0
        File system inputs: 0
        File system outputs: 0
        Socket messages sent: 0
        Socket messages received: 0
        Signals delivered: 0
        Page size (bytes): 4096
        Exit status: 0